\BOOKMARK [0][-]{chapter*.1}{Declaration}{}% 1
\BOOKMARK [0][-]{chapter*.2}{Abstract}{}% 2
\BOOKMARK [0][-]{chapter*.3}{Acknowledgements}{}% 3
\BOOKMARK [0][-]{chapter*.4}{Terms of Reference}{}% 4
\BOOKMARK [0][-]{chapter*.13}{List of Figures}{}% 5
\BOOKMARK [0][-]{chapter*.14}{List of Tables}{}% 6
\BOOKMARK [0][-]{chapter*.15}{List of Source Codes}{}% 7
\BOOKMARK [0][-]{chapter.1}{Introduction}{}% 8
\BOOKMARK [1][-]{section.1.1}{Background}{chapter.1}% 9
\BOOKMARK [1][-]{section.1.2}{Objectives of the Study}{chapter.1}% 10
\BOOKMARK [2][-]{subsection.1.2.1}{Problems to be Investigated}{section.1.2}% 11
\BOOKMARK [2][-]{subsection.1.2.2}{Research Questions}{section.1.2}% 12
\BOOKMARK [2][-]{subsection.1.2.3}{Purpose of the Study}{section.1.2}% 13
\BOOKMARK [1][-]{section.1.3}{Scope and Limitations}{chapter.1}% 14
\BOOKMARK [1][-]{section.1.4}{Plan of Development}{chapter.1}% 15
\BOOKMARK [0][-]{chapter.2}{Literature Review}{}% 16
\BOOKMARK [1][-]{section.2.1}{Introduction}{chapter.2}% 17
\BOOKMARK [1][-]{section.2.2}{State of the Art}{chapter.2}% 18
\BOOKMARK [2][-]{subsection.2.2.1}{Monoped Robots}{section.2.2}% 19
\BOOKMARK [2][-]{subsection.2.2.2}{Biped Robots}{section.2.2}% 20
\BOOKMARK [2][-]{subsection.2.2.3}{Quadruped Robots}{section.2.2}% 21
\BOOKMARK [2][-]{subsection.2.2.4}{Bio-inspired Legged Robotics}{section.2.2}% 22
\BOOKMARK [2][-]{subsection.2.2.5}{Humanoid Robots}{section.2.2}% 23
\BOOKMARK [2][-]{subsection.2.2.6}{Closed Kinematic Chain Leg}{section.2.2}% 24
\BOOKMARK [1][-]{section.2.3}{Legged Locomotion in Nature}{chapter.2}% 25
\BOOKMARK [1][-]{section.2.4}{Raibert Control}{chapter.2}% 26
\BOOKMARK [1][-]{section.2.5}{Applications in Industry}{chapter.2}% 27
\BOOKMARK [2][-]{subsection.2.5.1}{Soft-robotics}{section.2.5}% 28
\BOOKMARK [2][-]{subsection.2.5.2}{Bose Active Suspension}{section.2.5}% 29
\BOOKMARK [0][-]{chapter.3}{Project Plan and Methodology}{}% 30
\BOOKMARK [0][-]{chapter.4}{Theory Development}{}% 31
\BOOKMARK [1][-]{section.4.1}{General Co-ordinates}{chapter.4}% 32
\BOOKMARK [0][-]{chapter.5}{Geometry}{}% 33
\BOOKMARK [0][-]{chapter.6}{Kinematics}{}% 34
\BOOKMARK [1][-]{section.6.1}{The Jacobian}{chapter.6}% 35
\BOOKMARK [2][-]{subsection.6.1.1}{Velocity Mapping}{section.6.1}% 36
\BOOKMARK [0][-]{chapter.7}{Simulation}{}% 37
\BOOKMARK [1][-]{section.7.1}{Geometric Simulation}{chapter.7}% 38
\BOOKMARK [2][-]{subsection.7.1.1}{Data Analysis}{section.7.1}% 39
\BOOKMARK [1][-]{section.7.2}{Control Simulation}{chapter.7}% 40
\BOOKMARK [0][-]{chapter.8}{Hardware Design}{}% 41
\BOOKMARK [1][-]{section.8.1}{Original Leg Design}{chapter.8}% 42
\BOOKMARK [2][-]{subsection.8.1.1}{Leg Hip}{section.8.1}% 43
\BOOKMARK [2][-]{subsection.8.1.2}{Leg Guide}{section.8.1}% 44
\BOOKMARK [2][-]{subsection.8.1.3}{Problems with Design}{section.8.1}% 45
\BOOKMARK [1][-]{section.8.2}{Mechanics and Construction}{chapter.8}% 46
\BOOKMARK [2][-]{subsection.8.2.1}{Alumnium Mounting Plate Design}{section.8.2}% 47
\BOOKMARK [2][-]{subsection.8.2.2}{Leg Linkage and Foot Design}{section.8.2}% 48
\BOOKMARK [2][-]{subsection.8.2.3}{Testing Platform}{section.8.2}% 49
\BOOKMARK [1][-]{section.8.3}{Mass Distribution}{chapter.8}% 50
\BOOKMARK [1][-]{section.8.4}{Electronics and Communication}{chapter.8}% 51
\BOOKMARK [2][-]{subsection.8.4.1}{Accelerometer and Gyroscope}{section.8.4}% 52
\BOOKMARK [2][-]{subsection.8.4.2}{Distance Sensor}{section.8.4}% 53
\BOOKMARK [2][-]{subsection.8.4.3}{Microcontroller}{section.8.4}% 54
\BOOKMARK [1][-]{section.8.5}{Motors and Drivers}{chapter.8}% 55
\BOOKMARK [2][-]{subsection.8.5.1}{Driver Selection}{section.8.5}% 56
\BOOKMARK [2][-]{subsection.8.5.2}{Motor Selection}{section.8.5}% 57
\BOOKMARK [2][-]{subsection.8.5.3}{Motor Model Calculations}{section.8.5}% 58
\BOOKMARK [2][-]{subsection.8.5.4}{Driver Configuration}{section.8.5}% 59
\BOOKMARK [2][-]{subsection.8.5.5}{Motor Encoders}{section.8.5}% 60
\BOOKMARK [0][-]{chapter.9}{Software Development}{}% 61
\BOOKMARK [1][-]{section.9.1}{RTOS Communication Protocol}{chapter.9}% 62
\BOOKMARK [2][-]{subsection.9.1.1}{Heartbeat Task}{section.9.1}% 63
\BOOKMARK [2][-]{subsection.9.1.2}{PC TX Task}{section.9.1}% 64
\BOOKMARK [2][-]{subsection.9.1.3}{PC RX Task}{section.9.1}% 65
\BOOKMARK [2][-]{subsection.9.1.4}{TX Motor Task}{section.9.1}% 66
\BOOKMARK [2][-]{subsection.9.1.5}{RX Motor Task}{section.9.1}% 67
\BOOKMARK [2][-]{subsection.9.1.6}{Controller Task}{section.9.1}% 68
\BOOKMARK [2][-]{subsection.9.1.7}{FreeRTOS Timing}{section.9.1}% 69
\BOOKMARK [1][-]{section.9.2}{Packet Transmission}{chapter.9}% 70
\BOOKMARK [2][-]{subsection.9.2.1}{Structuring}{section.9.2}% 71
\BOOKMARK [2][-]{subsection.9.2.2}{Integrity Checking}{section.9.2}% 72
\BOOKMARK [2][-]{subsection.9.2.3}{Encoding and Decoding}{section.9.2}% 73
\BOOKMARK [1][-]{section.9.3}{Peripheral Configuration}{chapter.9}% 74
\BOOKMARK [2][-]{subsection.9.3.1}{Protocol}{section.9.3}% 75
\BOOKMARK [2][-]{subsection.9.3.2}{Data Rates}{section.9.3}% 76
\BOOKMARK [2][-]{subsection.9.3.3}{Direct Memory Access}{section.9.3}% 77
\BOOKMARK [1][-]{section.9.4}{Graphic User Interface}{chapter.9}% 78
\BOOKMARK [2][-]{subsection.9.4.1}{Serial Communication}{section.9.4}% 79
\BOOKMARK [2][-]{subsection.9.4.2}{Logging}{section.9.4}% 80
\BOOKMARK [2][-]{subsection.9.4.3}{Live Plotting}{section.9.4}% 81
\BOOKMARK [2][-]{subsection.9.4.4}{Control Plug-in}{section.9.4}% 82
\BOOKMARK [0][-]{chapter.10}{Dynamic Modelling}{}% 83
\BOOKMARK [1][-]{section.10.1}{Robotic Leg Modelling}{chapter.10}% 84
\BOOKMARK [2][-]{subsection.10.1.1}{Virtual Model}{section.10.1}% 85
\BOOKMARK [2][-]{subsection.10.1.2}{Dynamic Model}{section.10.1}% 86
\BOOKMARK [1][-]{section.10.2}{Spring-damper Mass Motion}{chapter.10}% 87
\BOOKMARK [1][-]{section.10.3}{Leg Spring-damper Model}{chapter.10}% 88
\BOOKMARK [2][-]{subsection.10.3.1}{Launch Energy}{section.10.3}% 89
\BOOKMARK [2][-]{subsection.10.3.2}{Impact Energy}{section.10.3}% 90
\BOOKMARK [1][-]{section.10.4}{Virtual Compliance Model}{chapter.10}% 91
\BOOKMARK [0][-]{chapter.11}{Controller Development}{}% 92
\BOOKMARK [1][-]{section.11.1}{Active Compliance}{chapter.11}% 93
\BOOKMARK [1][-]{section.11.2}{Dynamic Stability}{chapter.11}% 94
\BOOKMARK [1][-]{section.11.3}{Mechanical Impedance}{chapter.11}% 95
\BOOKMARK [1][-]{section.11.4}{Control Loop Sampling Frequency}{chapter.11}% 96
\BOOKMARK [1][-]{section.11.5}{Force Control}{chapter.11}% 97
\BOOKMARK [2][-]{subsection.11.5.1}{Current Control}{section.11.5}% 98
\BOOKMARK [1][-]{section.11.6}{Control Loop Design}{chapter.11}% 99
\BOOKMARK [2][-]{subsection.11.6.1}{Current Control for Impulse Launch}{section.11.6}% 100
\BOOKMARK [1][-]{section.11.7}{Torsional Spring-damper}{chapter.11}% 101
\BOOKMARK [2][-]{subsection.11.7.1}{Force Normalisation}{section.11.7}% 102
\BOOKMARK [2][-]{subsection.11.7.2}{Ground Reaction Force}{section.11.7}% 103
\BOOKMARK [1][-]{section.11.8}{Full-leg vs. Joint Active Compliance}{chapter.11}% 104
\BOOKMARK [0][-]{chapter.12}{Experimental Testing}{}% 105
\BOOKMARK [1][-]{section.12.1}{Virtual Spring-damper Tests}{chapter.12}% 106
\BOOKMARK [2][-]{subsection.12.1.1}{Full-leg Spring Damper}{section.12.1}% 107
\BOOKMARK [2][-]{subsection.12.1.2}{Joint Spring Damper}{section.12.1}% 108
\BOOKMARK [2][-]{subsection.12.1.3}{Experimental Limitations}{section.12.1}% 109
\BOOKMARK [2][-]{subsection.12.1.4}{Data Analysis}{section.12.1}% 110
\BOOKMARK [1][-]{section.12.2}{Drop Tests}{chapter.12}% 111
\BOOKMARK [2][-]{subsection.12.2.1}{Experimental Limitations}{section.12.2}% 112
\BOOKMARK [2][-]{subsection.12.2.2}{Data Analysis}{section.12.2}% 113
\BOOKMARK [1][-]{section.12.3}{Jump Tests}{chapter.12}% 114
\BOOKMARK [2][-]{subsection.12.3.1}{Configuration of Jump Phase Parameters}{section.12.3}% 115
\BOOKMARK [2][-]{subsection.12.3.2}{Control Finite State Machine and Triggering}{section.12.3}% 116
\BOOKMARK [2][-]{subsection.12.3.3}{Testing Platform Setup}{section.12.3}% 117
\BOOKMARK [2][-]{subsection.12.3.4}{Video Data Extraction}{section.12.3}% 118
\BOOKMARK [2][-]{subsection.12.3.5}{Experimental Limitations}{section.12.3}% 119
\BOOKMARK [2][-]{subsection.12.3.6}{Data Analysis}{section.12.3}% 120
\BOOKMARK [1][-]{section.12.4}{Current Tracking}{chapter.12}% 121
\BOOKMARK [2][-]{subsection.12.4.1}{Data Analysis}{section.12.4}% 122
\BOOKMARK [1][-]{section.12.5}{Force Estimation}{chapter.12}% 123
\BOOKMARK [0][-]{chapter.13}{Design Validation}{}% 124
\BOOKMARK [0][-]{chapter.14}{Conclusions}{}% 125
\BOOKMARK [0][-]{chapter.15}{Recommendations and Future Work}{}% 126
\BOOKMARK [0][-]{chapter*.113}{References}{}% 127
\BOOKMARK [0][-]{appendix.A}{Communication Protocol Code}{}% 128
\BOOKMARK [0][-]{appendix.B}{Design Workspaces}{}% 129
\BOOKMARK [0][-]{appendix.C}{Jump Experiment}{}% 130
\BOOKMARK [0][-]{appendix.D}{Geometric Simulation Code}{}% 131
